07:58:13 **** Build of configuration Debug for project Reconstruction3D ****
make all 
Building file: ../src/main.cpp
Invoking: GCC C++ Compiler
g++ -I"/media/fdbo/seagate_expansion/doutorado/faculdade/topicos_midia_interacao_1/projeto/eclipse/Reconstruction3D/include" -O0 -g3 -Wall -c -fmessage-length=0 -MMD -MP -MF"src/main.d" -MT"src/main.o" -o "src/main.o" "../src/main.cpp"
Finished building: ../src/main.cpp
 
Building target: Reconstruction3D
Invoking: GCC C++ Linker
g++  -o "Reconstruction3D"  ./src/main.o   
/usr/lib/gcc/x86_64-linux-gnu/7/../../../x86_64-linux-gnu/Scrt1.o: In function `_start':
(.text+0x20): undefined reference to `main'
collect2: error: ld returned 1 exit status
makefile:45: recipe for target 'Reconstruction3D' failed
make: *** [Reconstruction3D] Error 1
"make all" terminated with exit code 2. Build might be incomplete.
08:00:57 **** Incremental Build of configuration Debug for project Reconstruction3D ****
make all 
Building file: ../src/main.cpp
Invoking: GCC C++ Compiler
g++ -I"/media/fdbo/seagate_expansion/doutorado/faculdade/topicos_midia_interacao_1/projeto/eclipse/Reconstruction3D/include" -O0 -g3 -Wall -c -fmessage-length=0 -MMD -MP -MF"src/main.d" -MT"src/main.o" -o "src/main.o" "../src/main.cpp"
Finished building: ../src/main.cpp
 
Building target: Reconstruction3D
Invoking: GCC C++ Linker
g++  -o "Reconstruction3D"  ./src/main.o   
Finished building target: Reconstruction3D
 
08:03:10 **** Incremental Build of configuration Debug for project Reconstruction3D ****
make all 
make: Nothing to be done for 'all'.
